{"C:\\git\\boutiquecarne\\src\\components\\ProductCard.css": {"path":"C:\\git\\boutiquecarne\\src\\components\\ProductCard.css","statementMap":{},"fnMap":{},"branchMap":{},"s":{},"f":{},"b":{},"meta":{"lastBranch":0,"lastFunction":0,"lastStatement":0,"seen":{}}}
,"C:\\git\\boutiquecarne\\src\\components\\ProductCard.jsx": {"path":"C:\\git\\boutiquecarne\\src\\components\\ProductCard.jsx","statementMap":{"0":{"start":{"line":8,"column":20},"end":{"line":96,"column":null}},"1":{"start":{"line":9,"column":65},"end":{"line":9,"column":null}},"2":{"start":{"line":12,"column":21},"end":{"line":12,"column":null}},"3":{"start":{"line":12,"column":44},"end":{"line":12,"column":66}},"4":{"start":{"line":13,"column":21},"end":{"line":13,"column":null}},"5":{"start":{"line":15,"column":22},"end":{"line":17,"column":null}},"6":{"start":{"line":16,"column":8},"end":{"line":16,"column":null}},"7":{"start":{"line":19,"column":28},"end":{"line":21,"column":null}},"8":{"start":{"line":20,"column":8},"end":{"line":20,"column":null}},"9":{"start":{"line":23,"column":28},"end":{"line":29,"column":null}},"10":{"start":{"line":24,"column":8},"end":{"line":28,"column":null}},"11":{"start":{"line":25,"column":12},"end":{"line":25,"column":null}},"12":{"start":{"line":27,"column":12},"end":{"line":27,"column":null}},"13":{"start":{"line":31,"column":4},"end":{"line":94,"column":null}},"14":{"start":{"line":49,"column":24},"end":{"line":49,"column":null}},"15":{"start":{"line":50,"column":24},"end":{"line":50,"column":null}},"16":{"start":{"line":51,"column":24},"end":{"line":51,"column":null}}},"fnMap":{"0":{"name":"(anonymous_0)","decl":{"start":{"line":8,"column":20},"end":{"line":8,"column":21}},"loc":{"start":{"line":8,"column":37},"end":{"line":96,"column":null}},"line":8},"1":{"name":"(anonymous_1)","decl":{"start":{"line":12,"column":36},"end":{"line":12,"column":44}},"loc":{"start":{"line":12,"column":44},"end":{"line":12,"column":66}},"line":12},"2":{"name":"(anonymous_2)","decl":{"start":{"line":15,"column":22},"end":{"line":15,"column":28}},"loc":{"start":{"line":15,"column":28},"end":{"line":17,"column":null}},"line":15},"3":{"name":"(anonymous_3)","decl":{"start":{"line":19,"column":28},"end":{"line":19,"column":34}},"loc":{"start":{"line":19,"column":34},"end":{"line":21,"column":null}},"line":19},"4":{"name":"(anonymous_4)","decl":{"start":{"line":23,"column":28},"end":{"line":23,"column":34}},"loc":{"start":{"line":23,"column":34},"end":{"line":29,"column":null}},"line":23},"5":{"name":"(anonymous_5)","decl":{"start":{"line":48,"column":29},"end":{"line":48,"column":30}},"loc":{"start":{"line":48,"column":36},"end":{"line":52,"column":null}},"line":48}},"branchMap":{"0":{"loc":{"start":{"line":13,"column":21},"end":{"line":13,"column":null}},"type":"cond-expr","locations":[{"start":{"line":13,"column":32},"end":{"line":13,"column":52}},{"start":{"line":13,"column":52},"end":{"line":13,"column":null}}],"line":13},"1":{"loc":{"start":{"line":24,"column":8},"end":{"line":28,"column":null}},"type":"if","locations":[{"start":{"line":24,"column":8},"end":{"line":28,"column":null}},{"start":{"line":26,"column":15},"end":{"line":28,"column":null}}],"line":24},"2":{"loc":{"start":{"line":54,"column":45},"end":{"line":54,"column":83}},"type":"cond-expr","locations":[{"start":{"line":54,"column":68},"end":{"line":54,"column":81}},{"start":{"line":54,"column":81},"end":{"line":54,"column":83}}],"line":54},"3":{"loc":{"start":{"line":55,"column":21},"end":{"line":61,"column":null}},"type":"cond-expr","locations":[{"start":{"line":56,"column":24},"end":{"line":59,"column":null}},{"start":{"line":61,"column":24},"end":{"line":61,"column":null}}],"line":55},"4":{"loc":{"start":{"line":55,"column":21},"end":{"line":55,"column":null}},"type":"binary-expr","locations":[{"start":{"line":55,"column":21},"end":{"line":55,"column":45}},{"start":{"line":55,"column":45},"end":{"line":55,"column":null}}],"line":55},"5":{"loc":{"start":{"line":63,"column":49},"end":{"line":63,"column":69}},"type":"binary-expr","locations":[{"start":{"line":63,"column":49},"end":{"line":63,"column":64}},{"start":{"line":63,"column":64},"end":{"line":63,"column":69}}],"line":63},"6":{"loc":{"start":{"line":67,"column":17},"end":{"line":68,"column":null}},"type":"binary-expr","locations":[{"start":{"line":67,"column":17},"end":{"line":67,"column":null}},{"start":{"line":68,"column":20},"end":{"line":68,"column":null}}],"line":67},"7":{"loc":{"start":{"line":72,"column":111},"end":{"line":72,"column":145}},"type":"binary-expr","locations":[{"start":{"line":72,"column":111},"end":{"line":72,"column":134}},{"start":{"line":72,"column":134},"end":{"line":72,"column":145}}],"line":72},"8":{"loc":{"start":{"line":78,"column":21},"end":{"line":90,"column":null}},"type":"cond-expr","locations":[{"start":{"line":79,"column":24},"end":{"line":84,"column":null}},{"start":{"line":86,"column":24},"end":{"line":90,"column":null}}],"line":78}},"s":{"0":1,"1":2,"2":2,"3":0,"4":2,"5":2,"6":0,"7":2,"8":0,"9":2,"10":0,"11":0,"12":0,"13":2,"14":0,"15":0,"16":0},"f":{"0":2,"1":0,"2":0,"3":0,"4":0,"5":0},"b":{"0":[0,2],"1":[0,0],"2":[1,1],"3":[1,1],"4":[2,1],"5":[2,0],"6":[2,1],"7":[2,2],"8":[2,0]},"meta":{"lastBranch":9,"lastFunction":6,"lastStatement":17,"seen":{"s:8:20:96:Infinity":0,"f:8:20:8:21":0,"s:9:65:9:Infinity":1,"s:12:21:12:Infinity":2,"f:12:36:12:44":1,"s:12:44:12:66":3,"s:13:21:13:Infinity":4,"b:13:32:13:52:13:52:13:Infinity":0,"s:15:22:17:Infinity":5,"f:15:22:15:28":2,"s:16:8:16:Infinity":6,"s:19:28:21:Infinity":7,"f:19:28:19:34":3,"s:20:8:20:Infinity":8,"s:23:28:29:Infinity":9,"f:23:28:23:34":4,"b:24:8:28:Infinity:26:15:28:Infinity":1,"s:24:8:28:Infinity":10,"s:25:12:25:Infinity":11,"s:27:12:27:Infinity":12,"s:31:4:94:Infinity":13,"f:48:29:48:30":5,"s:49:24:49:Infinity":14,"s:50:24:50:Infinity":15,"s:51:24:51:Infinity":16,"b:54:68:54:81:54:81:54:83":2,"b:56:24:59:Infinity:61:24:61:Infinity":3,"b:55:21:55:45:55:45:55:Infinity":4,"b:63:49:63:64:63:64:63:69":5,"b:67:17:67:Infinity:68:20:68:Infinity":6,"b:72:111:72:134:72:134:72:145":7,"b:79:24:84:Infinity:86:24:90:Infinity":8}}}
,"C:\\git\\boutiquecarne\\src\\context\\AuthContext.jsx": {"path":"C:\\git\\boutiquecarne\\src\\context\\AuthContext.jsx","statementMap":{"0":{"start":{"line":5,"column":6},"end":{"line":5,"column":null}},"1":{"start":{"line":7,"column":23},"end":{"line":7,"column":null}},"2":{"start":{"line":9,"column":28},"end":{"line":288,"column":null}},"3":{"start":{"line":10,"column":24},"end":{"line":10,"column":null}},"4":{"start":{"line":11,"column":30},"end":{"line":11,"column":null}},"5":{"start":{"line":12,"column":46},"end":{"line":12,"column":null}},"6":{"start":{"line":13,"column":42},"end":{"line":13,"column":null}},"7":{"start":{"line":14,"column":34},"end":{"line":14,"column":null}},"8":{"start":{"line":16,"column":24},"end":{"line":16,"column":null}},"9":{"start":{"line":17,"column":30},"end":{"line":17,"column":null}},"10":{"start":{"line":20,"column":20},"end":{"line":26,"column":null}},"11":{"start":{"line":20,"column":30},"end":{"line":26,"column":null}},"12":{"start":{"line":28,"column":25},"end":{"line":65,"column":null}},"13":{"start":{"line":29,"column":8},"end":{"line":64,"column":null}},"14":{"start":{"line":30,"column":24},"end":{"line":34,"column":null}},"15":{"start":{"line":35,"column":12},"end":{"line":35,"column":null}},"16":{"start":{"line":36,"column":12},"end":{"line":36,"column":null}},"17":{"start":{"line":40,"column":24},"end":{"line":40,"column":null}},"18":{"start":{"line":41,"column":30},"end":{"line":41,"column":null}},"19":{"start":{"line":42,"column":35},"end":{"line":45,"column":null}},"20":{"start":{"line":47,"column":12},"end":{"line":58,"column":null}},"21":{"start":{"line":49,"column":16},"end":{"line":57,"column":null}},"22":{"start":{"line":56,"column":20},"end":{"line":56,"column":null}},"23":{"start":{"line":61,"column":12},"end":{"line":61,"column":null}},"24":{"start":{"line":62,"column":12},"end":{"line":62,"column":null}},"25":{"start":{"line":63,"column":12},"end":{"line":63,"column":null}},"26":{"start":{"line":67,"column":28},"end":{"line":70,"column":null}},"27":{"start":{"line":68,"column":8},"end":{"line":68,"column":null}},"28":{"start":{"line":69,"column":8},"end":{"line":69,"column":null}},"29":{"start":{"line":72,"column":4},"end":{"line":110,"column":null}},"30":{"start":{"line":73,"column":29},"end":{"line":107,"column":null}},"31":{"start":{"line":74,"column":12},"end":{"line":106,"column":null}},"32":{"start":{"line":75,"column":32},"end":{"line":75,"column":null}},"33":{"start":{"line":76,"column":16},"end":{"line":76,"column":null}},"34":{"start":{"line":79,"column":16},"end":{"line":98,"column":null}},"35":{"start":{"line":80,"column":20},"end":{"line":80,"column":null}},"36":{"start":{"line":82,"column":20},"end":{"line":97,"column":null}},"37":{"start":{"line":83,"column":44},"end":{"line":83,"column":null}},"38":{"start":{"line":84,"column":24},"end":{"line":95,"column":null}},"39":{"start":{"line":96,"column":24},"end":{"line":96,"column":null}},"40":{"start":{"line":101,"column":16},"end":{"line":101,"column":null}},"41":{"start":{"line":102,"column":16},"end":{"line":102,"column":null}},"42":{"start":{"line":103,"column":16},"end":{"line":103,"column":null}},"43":{"start":{"line":105,"column":16},"end":{"line":105,"column":null}},"44":{"start":{"line":109,"column":8},"end":{"line":109,"column":null}},"45":{"start":{"line":112,"column":26},"end":{"line":115,"column":null}},"46":{"start":{"line":113,"column":8},"end":{"line":113,"column":null}},"47":{"start":{"line":114,"column":8},"end":{"line":114,"column":null}},"48":{"start":{"line":117,"column":27},"end":{"line":117,"column":null}},"49":{"start":{"line":117,"column":33},"end":{"line":117,"column":null}},"50":{"start":{"line":119,"column":19},"end":{"line":133,"column":null}},"51":{"start":{"line":120,"column":8},"end":{"line":120,"column":null}},"52":{"start":{"line":121,"column":8},"end":{"line":132,"column":null}},"53":{"start":{"line":122,"column":12},"end":{"line":122,"column":null}},"54":{"start":{"line":123,"column":24},"end":{"line":123,"column":null}},"55":{"start":{"line":124,"column":12},"end":{"line":124,"column":null}},"56":{"start":{"line":125,"column":12},"end":{"line":125,"column":null}},"57":{"start":{"line":126,"column":12},"end":{"line":126,"column":null}},"58":{"start":{"line":128,"column":12},"end":{"line":128,"column":null}},"59":{"start":{"line":129,"column":12},"end":{"line":129,"column":null}},"60":{"start":{"line":131,"column":12},"end":{"line":131,"column":null}},"61":{"start":{"line":135,"column":19},"end":{"line":183,"column":null}},"62":{"start":{"line":136,"column":8},"end":{"line":136,"column":null}},"63":{"start":{"line":137,"column":8},"end":{"line":182,"column":null}},"64":{"start":{"line":139,"column":27},"end":{"line":139,"column":null}},"65":{"start":{"line":140,"column":12},"end":{"line":145,"column":null}},"66":{"start":{"line":148,"column":12},"end":{"line":148,"column":null}},"67":{"start":{"line":149,"column":24},"end":{"line":149,"column":null}},"68":{"start":{"line":150,"column":12},"end":{"line":150,"column":null}},"69":{"start":{"line":154,"column":32},"end":{"line":154,"column":null}},"70":{"start":{"line":155,"column":12},"end":{"line":171,"column":null}},"71":{"start":{"line":156,"column":16},"end":{"line":168,"column":null}},"72":{"start":{"line":170,"column":16},"end":{"line":170,"column":null}},"73":{"start":{"line":173,"column":12},"end":{"line":173,"column":null}},"74":{"start":{"line":174,"column":12},"end":{"line":174,"column":null}},"75":{"start":{"line":176,"column":12},"end":{"line":176,"column":null}},"76":{"start":{"line":178,"column":12},"end":{"line":178,"column":null}},"77":{"start":{"line":179,"column":12},"end":{"line":179,"column":null}},"78":{"start":{"line":181,"column":12},"end":{"line":181,"column":null}},"79":{"start":{"line":185,"column":20},"end":{"line":196,"column":null}},"80":{"start":{"line":186,"column":8},"end":{"line":195,"column":null}},"81":{"start":{"line":187,"column":12},"end":{"line":187,"column":null}},"82":{"start":{"line":188,"column":12},"end":{"line":188,"column":null}},"83":{"start":{"line":189,"column":12},"end":{"line":189,"column":null}},"84":{"start":{"line":190,"column":12},"end":{"line":190,"column":null}},"85":{"start":{"line":191,"column":12},"end":{"line":191,"column":null}},"86":{"start":{"line":193,"column":12},"end":{"line":193,"column":null}},"87":{"start":{"line":194,"column":12},"end":{"line":194,"column":null}},"88":{"start":{"line":198,"column":26},"end":{"line":208,"column":null}},"89":{"start":{"line":199,"column":8},"end":{"line":207,"column":null}},"90":{"start":{"line":200,"column":12},"end":{"line":203,"column":null}},"91":{"start":{"line":204,"column":12},"end":{"line":204,"column":null}},"92":{"start":{"line":206,"column":12},"end":{"line":206,"column":null}},"93":{"start":{"line":210,"column":29},"end":{"line":217,"column":null}},"94":{"start":{"line":212,"column":8},"end":{"line":216,"column":null}},"95":{"start":{"line":219,"column":52},"end":{"line":219,"column":null}},"96":{"start":{"line":222,"column":29},"end":{"line":222,"column":null}},"97":{"start":{"line":222,"column":35},"end":{"line":222,"column":null}},"98":{"start":{"line":223,"column":30},"end":{"line":223,"column":null}},"99":{"start":{"line":223,"column":36},"end":{"line":223,"column":null}},"100":{"start":{"line":225,"column":26},"end":{"line":242,"column":null}},"101":{"start":{"line":226,"column":8},"end":{"line":226,"column":null}},"102":{"start":{"line":226,"column":32},"end":{"line":226,"column":null}},"103":{"start":{"line":227,"column":8},"end":{"line":241,"column":null}},"104":{"start":{"line":228,"column":12},"end":{"line":233,"column":null}},"105":{"start":{"line":235,"column":24},"end":{"line":235,"column":null}},"106":{"start":{"line":236,"column":12},"end":{"line":236,"column":null}},"107":{"start":{"line":237,"column":12},"end":{"line":237,"column":null}},"108":{"start":{"line":239,"column":12},"end":{"line":239,"column":null}},"109":{"start":{"line":240,"column":12},"end":{"line":240,"column":null}},"110":{"start":{"line":244,"column":22},"end":{"line":281,"column":null}},"111":{"start":{"line":250,"column":24},"end":{"line":250,"column":null}},"112":{"start":{"line":252,"column":8},"end":{"line":280,"column":null}},"113":{"start":{"line":276,"column":16},"end":{"line":278,"column":null}},"114":{"start":{"line":277,"column":20},"end":{"line":277,"column":null}},"115":{"start":{"line":283,"column":4},"end":{"line":286,"column":null}}},"fnMap":{"0":{"name":"(anonymous_0)","decl":{"start":{"line":7,"column":23},"end":{"line":7,"column":29}},"loc":{"start":{"line":7,"column":23},"end":{"line":7,"column":null}},"line":7},"1":{"name":"(anonymous_1)","decl":{"start":{"line":9,"column":28},"end":{"line":9,"column":29}},"loc":{"start":{"line":9,"column":46},"end":{"line":288,"column":null}},"line":9},"2":{"name":"(anonymous_2)","decl":{"start":{"line":20,"column":20},"end":{"line":20,"column":21}},"loc":{"start":{"line":20,"column":30},"end":{"line":26,"column":null}},"line":20},"3":{"name":"(anonymous_3)","decl":{"start":{"line":28,"column":25},"end":{"line":28,"column":32}},"loc":{"start":{"line":28,"column":43},"end":{"line":65,"column":null}},"line":28},"4":{"name":"(anonymous_4)","decl":{"start":{"line":54,"column":24},"end":{"line":54,"column":31}},"loc":{"start":{"line":54,"column":31},"end":{"line":57,"column":17}},"line":54},"5":{"name":"(anonymous_5)","decl":{"start":{"line":67,"column":28},"end":{"line":67,"column":34}},"loc":{"start":{"line":67,"column":34},"end":{"line":70,"column":null}},"line":67},"6":{"name":"(anonymous_6)","decl":{"start":{"line":72,"column":14},"end":{"line":72,"column":20}},"loc":{"start":{"line":72,"column":20},"end":{"line":110,"column":7}},"line":72},"7":{"name":"(anonymous_7)","decl":{"start":{"line":73,"column":29},"end":{"line":73,"column":41}},"loc":{"start":{"line":73,"column":41},"end":{"line":107,"column":null}},"line":73},"8":{"name":"(anonymous_8)","decl":{"start":{"line":112,"column":26},"end":{"line":112,"column":27}},"loc":{"start":{"line":112,"column":46},"end":{"line":115,"column":null}},"line":112},"9":{"name":"(anonymous_9)","decl":{"start":{"line":117,"column":27},"end":{"line":117,"column":33}},"loc":{"start":{"line":117,"column":33},"end":{"line":117,"column":null}},"line":117},"10":{"name":"(anonymous_10)","decl":{"start":{"line":119,"column":19},"end":{"line":119,"column":26}},"loc":{"start":{"line":119,"column":46},"end":{"line":133,"column":null}},"line":119},"11":{"name":"(anonymous_11)","decl":{"start":{"line":135,"column":19},"end":{"line":135,"column":26}},"loc":{"start":{"line":135,"column":62},"end":{"line":183,"column":null}},"line":135},"12":{"name":"(anonymous_12)","decl":{"start":{"line":185,"column":20},"end":{"line":185,"column":32}},"loc":{"start":{"line":185,"column":32},"end":{"line":196,"column":null}},"line":185},"13":{"name":"(anonymous_13)","decl":{"start":{"line":198,"column":26},"end":{"line":198,"column":33}},"loc":{"start":{"line":198,"column":43},"end":{"line":208,"column":null}},"line":198},"14":{"name":"(anonymous_14)","decl":{"start":{"line":210,"column":29},"end":{"line":210,"column":35}},"loc":{"start":{"line":210,"column":35},"end":{"line":217,"column":null}},"line":210},"15":{"name":"(anonymous_15)","decl":{"start":{"line":222,"column":29},"end":{"line":222,"column":35}},"loc":{"start":{"line":222,"column":35},"end":{"line":222,"column":null}},"line":222},"16":{"name":"(anonymous_16)","decl":{"start":{"line":223,"column":30},"end":{"line":223,"column":36}},"loc":{"start":{"line":223,"column":36},"end":{"line":223,"column":null}},"line":223},"17":{"name":"(anonymous_17)","decl":{"start":{"line":225,"column":26},"end":{"line":225,"column":33}},"loc":{"start":{"line":225,"column":42},"end":{"line":242,"column":null}},"line":225},"18":{"name":"(anonymous_18)","decl":{"start":{"line":244,"column":36},"end":{"line":244,"column":42}},"loc":{"start":{"line":244,"column":42},"end":{"line":281,"column":7}},"line":244},"19":{"name":"(anonymous_19)","decl":{"start":{"line":275,"column":28},"end":{"line":275,"column":40}},"loc":{"start":{"line":275,"column":40},"end":{"line":279,"column":null}},"line":275}},"branchMap":{"0":{"loc":{"start":{"line":36,"column":20},"end":{"line":36,"column":40}},"type":"binary-expr","locations":[{"start":{"line":36,"column":20},"end":{"line":36,"column":32}},{"start":{"line":36,"column":32},"end":{"line":36,"column":40}}],"line":36},"1":{"loc":{"start":{"line":41,"column":30},"end":{"line":41,"column":null}},"type":"cond-expr","locations":[{"start":{"line":41,"column":47},"end":{"line":41,"column":74}},{"start":{"line":41,"column":74},"end":{"line":41,"column":null}}],"line":41},"2":{"loc":{"start":{"line":42,"column":35},"end":{"line":45,"column":null}},"type":"binary-expr","locations":[{"start":{"line":42,"column":35},"end":{"line":42,"column":null}},{"start":{"line":43,"column":16},"end":{"line":43,"column":null}},{"start":{"line":44,"column":16},"end":{"line":44,"column":null}},{"start":{"line":45,"column":16},"end":{"line":45,"column":null}}],"line":42},"3":{"loc":{"start":{"line":47,"column":12},"end":{"line":58,"column":null}},"type":"if","locations":[{"start":{"line":47,"column":12},"end":{"line":58,"column":null}},{"start":{},"end":{}}],"line":47},"4":{"loc":{"start":{"line":82,"column":20},"end":{"line":97,"column":null}},"type":"if","locations":[{"start":{"line":82,"column":20},"end":{"line":97,"column":null}},{"start":{},"end":{}}],"line":82},"5":{"loc":{"start":{"line":90,"column":43},"end":{"line":90,"column":null}},"type":"binary-expr","locations":[{"start":{"line":90,"column":43},"end":{"line":90,"column":59}},{"start":{"line":90,"column":59},"end":{"line":90,"column":null}}],"line":90},"6":{"loc":{"start":{"line":91,"column":32},"end":{"line":91,"column":null}},"type":"binary-expr","locations":[{"start":{"line":91,"column":32},"end":{"line":91,"column":82}},{"start":{"line":91,"column":82},"end":{"line":91,"column":null}}],"line":91},"7":{"loc":{"start":{"line":91,"column":45},"end":{"line":91,"column":65}},"type":"binary-expr","locations":[{"start":{"line":91,"column":45},"end":{"line":91,"column":61}},{"start":{"line":91,"column":61},"end":{"line":91,"column":65}}],"line":91},"8":{"loc":{"start":{"line":92,"column":32},"end":{"line":92,"column":null}},"type":"binary-expr","locations":[{"start":{"line":92,"column":32},"end":{"line":92,"column":97}},{"start":{"line":92,"column":97},"end":{"line":92,"column":null}}],"line":92},"9":{"loc":{"start":{"line":92,"column":44},"end":{"line":92,"column":64}},"type":"binary-expr","locations":[{"start":{"line":92,"column":44},"end":{"line":92,"column":60}},{"start":{"line":92,"column":60},"end":{"line":92,"column":64}}],"line":92},"10":{"loc":{"start":{"line":112,"column":27},"end":{"line":112,"column":46}},"type":"default-arg","locations":[{"start":{"line":112,"column":34},"end":{"line":112,"column":46}}],"line":112},"11":{"loc":{"start":{"line":144,"column":16},"end":{"line":144,"column":null}},"type":"binary-expr","locations":[{"start":{"line":144,"column":16},"end":{"line":144,"column":45}},{"start":{"line":144,"column":45},"end":{"line":144,"column":null}}],"line":144},"12":{"loc":{"start":{"line":162,"column":35},"end":{"line":162,"column":null}},"type":"binary-expr","locations":[{"start":{"line":162,"column":35},"end":{"line":162,"column":64}},{"start":{"line":162,"column":64},"end":{"line":162,"column":null}}],"line":162},"13":{"loc":{"start":{"line":163,"column":24},"end":{"line":163,"column":null}},"type":"binary-expr","locations":[{"start":{"line":163,"column":24},"end":{"line":163,"column":87}},{"start":{"line":163,"column":87},"end":{"line":163,"column":null}}],"line":163},"14":{"loc":{"start":{"line":163,"column":37},"end":{"line":163,"column":70}},"type":"binary-expr","locations":[{"start":{"line":163,"column":37},"end":{"line":163,"column":66}},{"start":{"line":163,"column":66},"end":{"line":163,"column":70}}],"line":163},"15":{"loc":{"start":{"line":164,"column":24},"end":{"line":164,"column":null}},"type":"binary-expr","locations":[{"start":{"line":164,"column":24},"end":{"line":164,"column":102}},{"start":{"line":164,"column":102},"end":{"line":164,"column":null}}],"line":164},"16":{"loc":{"start":{"line":164,"column":36},"end":{"line":164,"column":69}},"type":"binary-expr","locations":[{"start":{"line":164,"column":36},"end":{"line":164,"column":65}},{"start":{"line":164,"column":65},"end":{"line":164,"column":69}}],"line":164},"17":{"loc":{"start":{"line":165,"column":31},"end":{"line":165,"column":null}},"type":"binary-expr","locations":[{"start":{"line":165,"column":31},"end":{"line":165,"column":56}},{"start":{"line":165,"column":56},"end":{"line":165,"column":null}}],"line":165},"18":{"loc":{"start":{"line":226,"column":8},"end":{"line":226,"column":null}},"type":"if","locations":[{"start":{"line":226,"column":8},"end":{"line":226,"column":null}},{"start":{},"end":{}}],"line":226},"19":{"loc":{"start":{"line":226,"column":12},"end":{"line":226,"column":32}},"type":"binary-expr","locations":[{"start":{"line":226,"column":12},"end":{"line":226,"column":21}},{"start":{"line":226,"column":21},"end":{"line":226,"column":32}}],"line":226},"20":{"loc":{"start":{"line":250,"column":24},"end":{"line":250,"column":null}},"type":"binary-expr","locations":[{"start":{"line":250,"column":24},"end":{"line":250,"column":60}},{"start":{"line":250,"column":60},"end":{"line":250,"column":80}},{"start":{"line":250,"column":80},"end":{"line":250,"column":null}}],"line":250},"21":{"loc":{"start":{"line":257,"column":21},"end":{"line":257,"column":null}},"type":"binary-expr","locations":[{"start":{"line":257,"column":21},"end":{"line":257,"column":41}},{"start":{"line":257,"column":41},"end":{"line":257,"column":null}}],"line":257},"22":{"loc":{"start":{"line":276,"column":16},"end":{"line":278,"column":null}},"type":"if","locations":[{"start":{"line":276,"column":16},"end":{"line":278,"column":null}},{"start":{},"end":{}}],"line":276},"23":{"loc":{"start":{"line":276,"column":20},"end":{"line":276,"column":38}},"type":"binary-expr","locations":[{"start":{"line":276,"column":20},"end":{"line":276,"column":28}},{"start":{"line":276,"column":28},"end":{"line":276,"column":38}}],"line":276}},"s":{"0":1,"1":4,"2":1,"3":4,"4":4,"5":4,"6":4,"7":4,"8":4,"9":4,"10":4,"11":1,"12":4,"13":1,"14":1,"15":1,"16":1,"17":1,"18":1,"19":1,"20":1,"21":1,"22":0,"23":1,"24":1,"25":1,"26":4,"27":0,"28":0,"29":4,"30":2,"31":2,"32":2,"33":1,"34":1,"35":1,"36":0,"37":0,"38":0,"39":0,"40":1,"41":1,"42":1,"43":2,"44":2,"45":4,"46":0,"47":0,"48":4,"49":0,"50":4,"51":0,"52":0,"53":0,"54":0,"55":0,"56":0,"57":0,"58":0,"59":0,"60":0,"61":4,"62":0,"63":0,"64":0,"65":0,"66":0,"67":0,"68":0,"69":0,"70":0,"71":0,"72":0,"73":0,"74":0,"75":0,"76":0,"77":0,"78":0,"79":4,"80":0,"81":0,"82":0,"83":0,"84":0,"85":0,"86":0,"87":0,"88":4,"89":0,"90":0,"91":0,"92":0,"93":4,"94":0,"95":4,"96":4,"97":0,"98":4,"99":0,"100":4,"101":0,"102":0,"103":0,"104":0,"105":0,"106":0,"107":0,"108":0,"109":0,"110":4,"111":4,"112":4,"113":0,"114":0,"115":4},"f":{"0":4,"1":4,"2":1,"3":1,"4":0,"5":0,"6":2,"7":2,"8":0,"9":0,"10":0,"11":0,"12":0,"13":0,"14":0,"15":0,"16":0,"17":0,"18":4,"19":0},"b":{"0":[1,0],"1":[0,1],"2":[1,0,0,0],"3":[1,0],"4":[0,0],"5":[0,0],"6":[0,0],"7":[0,0],"8":[0,0],"9":[0,0],"10":[0],"11":[0,0],"12":[0,0],"13":[0,0],"14":[0,0],"15":[0,0],"16":[0,0],"17":[0,0],"18":[0,0],"19":[0,0],"20":[4,3,3],"21":[4,4],"22":[0,0],"23":[0,0]},"meta":{"lastBranch":24,"lastFunction":20,"lastStatement":116,"seen":{"s:5:6:5:Infinity":0,"s:7:23:7:Infinity":1,"f:7:23:7:29":0,"s:9:28:288:Infinity":2,"f:9:28:9:29":1,"s:10:24:10:Infinity":3,"s:11:30:11:Infinity":4,"s:12:46:12:Infinity":5,"s:13:42:13:Infinity":6,"s:14:34:14:Infinity":7,"s:16:24:16:Infinity":8,"s:17:30:17:Infinity":9,"s:20:20:26:Infinity":10,"f:20:20:20:21":2,"s:20:30:26:Infinity":11,"s:28:25:65:Infinity":12,"f:28:25:28:32":3,"s:29:8:64:Infinity":13,"s:30:24:34:Infinity":14,"s:35:12:35:Infinity":15,"s:36:12:36:Infinity":16,"b:36:20:36:32:36:32:36:40":0,"s:40:24:40:Infinity":17,"s:41:30:41:Infinity":18,"b:41:47:41:74:41:74:41:Infinity":1,"s:42:35:45:Infinity":19,"b:42:35:42:Infinity:43:16:43:Infinity:44:16:44:Infinity:45:16:45:Infinity":2,"b:47:12:58:Infinity:undefined:undefined:undefined:undefined":3,"s:47:12:58:Infinity":20,"s:49:16:57:Infinity":21,"f:54:24:54:31":4,"s:56:20:56:Infinity":22,"s:61:12:61:Infinity":23,"s:62:12:62:Infinity":24,"s:63:12:63:Infinity":25,"s:67:28:70:Infinity":26,"f:67:28:67:34":5,"s:68:8:68:Infinity":27,"s:69:8:69:Infinity":28,"s:72:4:110:Infinity":29,"f:72:14:72:20":6,"s:73:29:107:Infinity":30,"f:73:29:73:41":7,"s:74:12:106:Infinity":31,"s:75:32:75:Infinity":32,"s:76:16:76:Infinity":33,"s:79:16:98:Infinity":34,"s:80:20:80:Infinity":35,"b:82:20:97:Infinity:undefined:undefined:undefined:undefined":4,"s:82:20:97:Infinity":36,"s:83:44:83:Infinity":37,"s:84:24:95:Infinity":38,"b:90:43:90:59:90:59:90:Infinity":5,"b:91:32:91:82:91:82:91:Infinity":6,"b:91:45:91:61:91:61:91:65":7,"b:92:32:92:97:92:97:92:Infinity":8,"b:92:44:92:60:92:60:92:64":9,"s:96:24:96:Infinity":39,"s:101:16:101:Infinity":40,"s:102:16:102:Infinity":41,"s:103:16:103:Infinity":42,"s:105:16:105:Infinity":43,"s:109:8:109:Infinity":44,"s:112:26:115:Infinity":45,"f:112:26:112:27":8,"b:112:34:112:46":10,"s:113:8:113:Infinity":46,"s:114:8:114:Infinity":47,"s:117:27:117:Infinity":48,"f:117:27:117:33":9,"s:117:33:117:Infinity":49,"s:119:19:133:Infinity":50,"f:119:19:119:26":10,"s:120:8:120:Infinity":51,"s:121:8:132:Infinity":52,"s:122:12:122:Infinity":53,"s:123:24:123:Infinity":54,"s:124:12:124:Infinity":55,"s:125:12:125:Infinity":56,"s:126:12:126:Infinity":57,"s:128:12:128:Infinity":58,"s:129:12:129:Infinity":59,"s:131:12:131:Infinity":60,"s:135:19:183:Infinity":61,"f:135:19:135:26":11,"s:136:8:136:Infinity":62,"s:137:8:182:Infinity":63,"s:139:27:139:Infinity":64,"s:140:12:145:Infinity":65,"b:144:16:144:45:144:45:144:Infinity":11,"s:148:12:148:Infinity":66,"s:149:24:149:Infinity":67,"s:150:12:150:Infinity":68,"s:154:32:154:Infinity":69,"s:155:12:171:Infinity":70,"s:156:16:168:Infinity":71,"b:162:35:162:64:162:64:162:Infinity":12,"b:163:24:163:87:163:87:163:Infinity":13,"b:163:37:163:66:163:66:163:70":14,"b:164:24:164:102:164:102:164:Infinity":15,"b:164:36:164:65:164:65:164:69":16,"b:165:31:165:56:165:56:165:Infinity":17,"s:170:16:170:Infinity":72,"s:173:12:173:Infinity":73,"s:174:12:174:Infinity":74,"s:176:12:176:Infinity":75,"s:178:12:178:Infinity":76,"s:179:12:179:Infinity":77,"s:181:12:181:Infinity":78,"s:185:20:196:Infinity":79,"f:185:20:185:32":12,"s:186:8:195:Infinity":80,"s:187:12:187:Infinity":81,"s:188:12:188:Infinity":82,"s:189:12:189:Infinity":83,"s:190:12:190:Infinity":84,"s:191:12:191:Infinity":85,"s:193:12:193:Infinity":86,"s:194:12:194:Infinity":87,"s:198:26:208:Infinity":88,"f:198:26:198:33":13,"s:199:8:207:Infinity":89,"s:200:12:203:Infinity":90,"s:204:12:204:Infinity":91,"s:206:12:206:Infinity":92,"s:210:29:217:Infinity":93,"f:210:29:210:35":14,"s:212:8:216:Infinity":94,"s:219:52:219:Infinity":95,"s:222:29:222:Infinity":96,"f:222:29:222:35":15,"s:222:35:222:Infinity":97,"s:223:30:223:Infinity":98,"f:223:30:223:36":16,"s:223:36:223:Infinity":99,"s:225:26:242:Infinity":100,"f:225:26:225:33":17,"b:226:8:226:Infinity:undefined:undefined:undefined:undefined":18,"s:226:8:226:Infinity":101,"b:226:12:226:21:226:21:226:32":19,"s:226:32:226:Infinity":102,"s:227:8:241:Infinity":103,"s:228:12:233:Infinity":104,"s:235:24:235:Infinity":105,"s:236:12:236:Infinity":106,"s:237:12:237:Infinity":107,"s:239:12:239:Infinity":108,"s:240:12:240:Infinity":109,"s:244:22:281:Infinity":110,"f:244:36:244:42":18,"s:250:24:250:Infinity":111,"b:250:24:250:60:250:60:250:80:250:80:250:Infinity":20,"s:252:8:280:Infinity":112,"b:257:21:257:41:257:41:257:Infinity":21,"f:275:28:275:40":19,"b:276:16:278:Infinity:undefined:undefined:undefined:undefined":22,"s:276:16:278:Infinity":113,"b:276:20:276:28:276:28:276:38":23,"s:277:20:277:Infinity":114,"s:283:4:286:Infinity":115}}}
,"C:\\git\\boutiquecarne\\src\\context\\CartContext.jsx": {"path":"C:\\git\\boutiquecarne\\src\\context\\CartContext.jsx","statementMap":{"0":{"start":{"line":4,"column":6},"end":{"line":4,"column":null}},"1":{"start":{"line":6,"column":23},"end":{"line":6,"column":null}},"2":{"start":{"line":8,"column":28},"end":{"line":82,"column":null}},"3":{"start":{"line":9,"column":17},"end":{"line":9,"column":null}},"4":{"start":{"line":10,"column":34},"end":{"line":13,"column":null}},"5":{"start":{"line":11,"column":27},"end":{"line":11,"column":null}},"6":{"start":{"line":12,"column":8},"end":{"line":12,"column":null}},"7":{"start":{"line":14,"column":36},"end":{"line":14,"column":null}},"8":{"start":{"line":18,"column":32},"end":{"line":18,"column":null}},"9":{"start":{"line":20,"column":4},"end":{"line":26,"column":null}},"10":{"start":{"line":21,"column":8},"end":{"line":24,"column":null}},"11":{"start":{"line":22,"column":12},"end":{"line":22,"column":null}},"12":{"start":{"line":23,"column":12},"end":{"line":23,"column":null}},"13":{"start":{"line":25,"column":8},"end":{"line":25,"column":null}},"14":{"start":{"line":28,"column":4},"end":{"line":30,"column":null}},"15":{"start":{"line":29,"column":8},"end":{"line":29,"column":null}},"16":{"start":{"line":32,"column":22},"end":{"line":45,"column":null}},"17":{"start":{"line":33,"column":8},"end":{"line":43,"column":null}},"18":{"start":{"line":34,"column":29},"end":{"line":34,"column":null}},"19":{"start":{"line":34,"column":47},"end":{"line":34,"column":69}},"20":{"start":{"line":35,"column":12},"end":{"line":41,"column":null}},"21":{"start":{"line":36,"column":16},"end":{"line":40,"column":null}},"22":{"start":{"line":37,"column":20},"end":{"line":39,"column":null}},"23":{"start":{"line":42,"column":12},"end":{"line":42,"column":null}},"24":{"start":{"line":47,"column":27},"end":{"line":49,"column":null}},"25":{"start":{"line":48,"column":8},"end":{"line":48,"column":null}},"26":{"start":{"line":48,"column":29},"end":{"line":48,"column":64}},"27":{"start":{"line":48,"column":49},"end":{"line":48,"column":63}},"28":{"start":{"line":51,"column":27},"end":{"line":59,"column":null}},"29":{"start":{"line":52,"column":8},"end":{"line":55,"column":null}},"30":{"start":{"line":53,"column":12},"end":{"line":53,"column":null}},"31":{"start":{"line":54,"column":12},"end":{"line":54,"column":null}},"32":{"start":{"line":56,"column":8},"end":{"line":58,"column":null}},"33":{"start":{"line":56,"column":29},"end":{"line":58,"column":9}},"34":{"start":{"line":57,"column":12},"end":{"line":57,"column":null}},"35":{"start":{"line":61,"column":22},"end":{"line":61,"column":null}},"36":{"start":{"line":61,"column":28},"end":{"line":61,"column":null}},"37":{"start":{"line":62,"column":23},"end":{"line":62,"column":null}},"38":{"start":{"line":62,"column":29},"end":{"line":62,"column":null}},"39":{"start":{"line":62,"column":51},"end":{"line":62,"column":56}},"40":{"start":{"line":64,"column":22},"end":{"line":64,"column":null}},"41":{"start":{"line":64,"column":56},"end":{"line":64,"column":94}},"42":{"start":{"line":65,"column":22},"end":{"line":65,"column":null}},"43":{"start":{"line":65,"column":56},"end":{"line":65,"column":79}},"44":{"start":{"line":67,"column":4},"end":{"line":80,"column":null}}},"fnMap":{"0":{"name":"(anonymous_0)","decl":{"start":{"line":6,"column":23},"end":{"line":6,"column":29}},"loc":{"start":{"line":6,"column":23},"end":{"line":6,"column":null}},"line":6},"1":{"name":"(anonymous_1)","decl":{"start":{"line":8,"column":28},"end":{"line":8,"column":29}},"loc":{"start":{"line":8,"column":46},"end":{"line":82,"column":null}},"line":8},"2":{"name":"(anonymous_2)","decl":{"start":{"line":10,"column":47},"end":{"line":10,"column":53}},"loc":{"start":{"line":10,"column":53},"end":{"line":13,"column":5}},"line":10},"3":{"name":"(anonymous_3)","decl":{"start":{"line":20,"column":14},"end":{"line":20,"column":20}},"loc":{"start":{"line":20,"column":20},"end":{"line":26,"column":7}},"line":20},"4":{"name":"(anonymous_4)","decl":{"start":{"line":28,"column":14},"end":{"line":28,"column":20}},"loc":{"start":{"line":28,"column":20},"end":{"line":30,"column":7}},"line":28},"5":{"name":"(anonymous_5)","decl":{"start":{"line":32,"column":22},"end":{"line":32,"column":23}},"loc":{"start":{"line":32,"column":49},"end":{"line":45,"column":null}},"line":32},"6":{"name":"(anonymous_6)","decl":{"start":{"line":33,"column":21},"end":{"line":33,"column":29}},"loc":{"start":{"line":33,"column":29},"end":{"line":43,"column":9}},"line":33},"7":{"name":"(anonymous_7)","decl":{"start":{"line":34,"column":39},"end":{"line":34,"column":47}},"loc":{"start":{"line":34,"column":47},"end":{"line":34,"column":69}},"line":34},"8":{"name":"(anonymous_8)","decl":{"start":{"line":36,"column":32},"end":{"line":36,"column":null}},"loc":{"start":{"line":37,"column":20},"end":{"line":39,"column":null}},"line":37},"9":{"name":"(anonymous_9)","decl":{"start":{"line":47,"column":27},"end":{"line":47,"column":28}},"loc":{"start":{"line":47,"column":35},"end":{"line":49,"column":null}},"line":47},"10":{"name":"(anonymous_10)","decl":{"start":{"line":48,"column":21},"end":{"line":48,"column":29}},"loc":{"start":{"line":48,"column":29},"end":{"line":48,"column":64}},"line":48},"11":{"name":"(anonymous_11)","decl":{"start":{"line":48,"column":41},"end":{"line":48,"column":49}},"loc":{"start":{"line":48,"column":49},"end":{"line":48,"column":63}},"line":48},"12":{"name":"(anonymous_12)","decl":{"start":{"line":51,"column":27},"end":{"line":51,"column":28}},"loc":{"start":{"line":51,"column":48},"end":{"line":59,"column":null}},"line":51},"13":{"name":"(anonymous_13)","decl":{"start":{"line":56,"column":21},"end":{"line":56,"column":29}},"loc":{"start":{"line":56,"column":29},"end":{"line":58,"column":9}},"line":56},"14":{"name":"(anonymous_14)","decl":{"start":{"line":56,"column":38},"end":{"line":56,"column":null}},"loc":{"start":{"line":57,"column":12},"end":{"line":57,"column":null}},"line":57},"15":{"name":"(anonymous_15)","decl":{"start":{"line":61,"column":22},"end":{"line":61,"column":28}},"loc":{"start":{"line":61,"column":28},"end":{"line":61,"column":null}},"line":61},"16":{"name":"(anonymous_16)","decl":{"start":{"line":62,"column":23},"end":{"line":62,"column":29}},"loc":{"start":{"line":62,"column":29},"end":{"line":62,"column":null}},"line":62},"17":{"name":"(anonymous_17)","decl":{"start":{"line":62,"column":43},"end":{"line":62,"column":51}},"loc":{"start":{"line":62,"column":51},"end":{"line":62,"column":56}},"line":62},"18":{"name":"(anonymous_18)","decl":{"start":{"line":64,"column":39},"end":{"line":64,"column":40}},"loc":{"start":{"line":64,"column":56},"end":{"line":64,"column":94}},"line":64},"19":{"name":"(anonymous_19)","decl":{"start":{"line":65,"column":39},"end":{"line":65,"column":40}},"loc":{"start":{"line":65,"column":56},"end":{"line":65,"column":79}},"line":65}},"branchMap":{"0":{"loc":{"start":{"line":12,"column":15},"end":{"line":12,"column":null}},"type":"cond-expr","locations":[{"start":{"line":12,"column":28},"end":{"line":12,"column":53}},{"start":{"line":12,"column":53},"end":{"line":12,"column":null}}],"line":12},"1":{"loc":{"start":{"line":21,"column":8},"end":{"line":24,"column":null}},"type":"if","locations":[{"start":{"line":21,"column":8},"end":{"line":24,"column":null}},{"start":{},"end":{}}],"line":21},"2":{"loc":{"start":{"line":21,"column":12},"end":{"line":21,"column":31}},"type":"binary-expr","locations":[{"start":{"line":21,"column":12},"end":{"line":21,"column":24}},{"start":{"line":21,"column":24},"end":{"line":21,"column":31}}],"line":21},"3":{"loc":{"start":{"line":32,"column":32},"end":{"line":32,"column":49}},"type":"default-arg","locations":[{"start":{"line":32,"column":43},"end":{"line":32,"column":49}}],"line":32},"4":{"loc":{"start":{"line":35,"column":12},"end":{"line":41,"column":null}},"type":"if","locations":[{"start":{"line":35,"column":12},"end":{"line":41,"column":null}},{"start":{},"end":{}}],"line":35},"5":{"loc":{"start":{"line":37,"column":20},"end":{"line":39,"column":null}},"type":"cond-expr","locations":[{"start":{"line":38,"column":26},"end":{"line":38,"column":null}},{"start":{"line":39,"column":26},"end":{"line":39,"column":null}}],"line":37},"6":{"loc":{"start":{"line":52,"column":8},"end":{"line":55,"column":null}},"type":"if","locations":[{"start":{"line":52,"column":8},"end":{"line":55,"column":null}},{"start":{},"end":{}}],"line":52},"7":{"loc":{"start":{"line":57,"column":12},"end":{"line":57,"column":null}},"type":"cond-expr","locations":[{"start":{"line":57,"column":29},"end":{"line":57,"column":66}},{"start":{"line":57,"column":66},"end":{"line":57,"column":null}}],"line":57}},"s":{"0":1,"1":2,"2":1,"3":2,"4":2,"5":2,"6":2,"7":2,"8":2,"9":2,"10":2,"11":0,"12":0,"13":2,"14":2,"15":2,"16":2,"17":0,"18":0,"19":0,"20":0,"21":0,"22":0,"23":0,"24":2,"25":0,"26":0,"27":0,"28":2,"29":0,"30":0,"31":0,"32":0,"33":0,"34":0,"35":2,"36":0,"37":2,"38":0,"39":0,"40":2,"41":0,"42":2,"43":0,"44":2},"f":{"0":2,"1":2,"2":2,"3":2,"4":2,"5":0,"6":0,"7":0,"8":0,"9":0,"10":0,"11":0,"12":0,"13":0,"14":0,"15":0,"16":0,"17":0,"18":0,"19":0},"b":{"0":[1,1],"1":[0,2],"2":[2,0],"3":[0],"4":[0,0],"5":[0,0],"6":[0,0],"7":[0,0]},"meta":{"lastBranch":8,"lastFunction":20,"lastStatement":45,"seen":{"s:4:6:4:Infinity":0,"s:6:23:6:Infinity":1,"f:6:23:6:29":0,"s:8:28:82:Infinity":2,"f:8:28:8:29":1,"s:9:17:9:Infinity":3,"s:10:34:13:Infinity":4,"f:10:47:10:53":2,"s:11:27:11:Infinity":5,"s:12:8:12:Infinity":6,"b:12:28:12:53:12:53:12:Infinity":0,"s:14:36:14:Infinity":7,"s:18:32:18:Infinity":8,"s:20:4:26:Infinity":9,"f:20:14:20:20":3,"b:21:8:24:Infinity:undefined:undefined:undefined:undefined":1,"s:21:8:24:Infinity":10,"b:21:12:21:24:21:24:21:31":2,"s:22:12:22:Infinity":11,"s:23:12:23:Infinity":12,"s:25:8:25:Infinity":13,"s:28:4:30:Infinity":14,"f:28:14:28:20":4,"s:29:8:29:Infinity":15,"s:32:22:45:Infinity":16,"f:32:22:32:23":5,"b:32:43:32:49":3,"s:33:8:43:Infinity":17,"f:33:21:33:29":6,"s:34:29:34:Infinity":18,"f:34:39:34:47":7,"s:34:47:34:69":19,"b:35:12:41:Infinity:undefined:undefined:undefined:undefined":4,"s:35:12:41:Infinity":20,"s:36:16:40:Infinity":21,"f:36:32:36:Infinity":8,"s:37:20:39:Infinity":22,"b:38:26:38:Infinity:39:26:39:Infinity":5,"s:42:12:42:Infinity":23,"s:47:27:49:Infinity":24,"f:47:27:47:28":9,"s:48:8:48:Infinity":25,"f:48:21:48:29":10,"s:48:29:48:64":26,"f:48:41:48:49":11,"s:48:49:48:63":27,"s:51:27:59:Infinity":28,"f:51:27:51:28":12,"b:52:8:55:Infinity:undefined:undefined:undefined:undefined":6,"s:52:8:55:Infinity":29,"s:53:12:53:Infinity":30,"s:54:12:54:Infinity":31,"s:56:8:58:Infinity":32,"f:56:21:56:29":13,"s:56:29:58:9":33,"f:56:38:56:Infinity":14,"s:57:12:57:Infinity":34,"b:57:29:57:66:57:66:57:Infinity":7,"s:61:22:61:Infinity":35,"f:61:22:61:28":15,"s:61:28:61:Infinity":36,"s:62:23:62:Infinity":37,"f:62:23:62:29":16,"s:62:29:62:Infinity":38,"f:62:43:62:51":17,"s:62:51:62:56":39,"s:64:22:64:Infinity":40,"f:64:39:64:40":18,"s:64:56:64:94":41,"s:65:22:65:Infinity":42,"f:65:39:65:40":19,"s:65:56:65:79":43,"s:67:4:80:Infinity":44}}}
,"C:\\git\\boutiquecarne\\src\\lib\\appwrite.js": {"path":"C:\\git\\boutiquecarne\\src\\lib\\appwrite.js","statementMap":{"0":{"start":{"line":3,"column":22},"end":{"line":3,"column":34}},"1":{"start":{"line":5,"column":0},"end":{"line":7,"column":84}},"2":{"start":{"line":9,"column":23},"end":{"line":9,"column":42}},"3":{"start":{"line":10,"column":25},"end":{"line":10,"column":46}},"4":{"start":{"line":11,"column":23},"end":{"line":11,"column":42}},"5":{"start":{"line":12,"column":25},"end":{"line":12,"column":46}},"6":{"start":{"line":15,"column":27},"end":{"line":15,"column":82}},"7":{"start":{"line":16,"column":25},"end":{"line":16,"column":84}},"8":{"start":{"line":17,"column":27},"end":{"line":22,"column":1}}},"fnMap":{},"branchMap":{"0":{"loc":{"start":{"line":6,"column":17},"end":{"line":6,"column":93}},"type":"binary-expr","locations":[{"start":{"line":6,"column":17},"end":{"line":6,"column":55}},{"start":{"line":6,"column":59},"end":{"line":6,"column":93}}],"line":6},"1":{"loc":{"start":{"line":7,"column":16},"end":{"line":7,"column":82}},"type":"binary-expr","locations":[{"start":{"line":7,"column":16},"end":{"line":7,"column":56}},{"start":{"line":7,"column":60},"end":{"line":7,"column":82}}],"line":7},"2":{"loc":{"start":{"line":15,"column":27},"end":{"line":15,"column":82}},"type":"binary-expr","locations":[{"start":{"line":15,"column":27},"end":{"line":15,"column":59}},{"start":{"line":15,"column":63},"end":{"line":15,"column":82}}],"line":15},"3":{"loc":{"start":{"line":16,"column":25},"end":{"line":16,"column":84}},"type":"binary-expr","locations":[{"start":{"line":16,"column":25},"end":{"line":16,"column":64}},{"start":{"line":16,"column":68},"end":{"line":16,"column":84}}],"line":16},"4":{"loc":{"start":{"line":18,"column":14},"end":{"line":18,"column":68}},"type":"binary-expr","locations":[{"start":{"line":18,"column":14},"end":{"line":18,"column":54}},{"start":{"line":18,"column":58},"end":{"line":18,"column":68}}],"line":18},"5":{"loc":{"start":{"line":19,"column":13},"end":{"line":19,"column":65}},"type":"binary-expr","locations":[{"start":{"line":19,"column":13},"end":{"line":19,"column":52}},{"start":{"line":19,"column":56},"end":{"line":19,"column":65}}],"line":19},"6":{"loc":{"start":{"line":20,"column":12},"end":{"line":20,"column":62}},"type":"binary-expr","locations":[{"start":{"line":20,"column":12},"end":{"line":20,"column":50}},{"start":{"line":20,"column":54},"end":{"line":20,"column":62}}],"line":20},"7":{"loc":{"start":{"line":21,"column":14},"end":{"line":21,"column":68}},"type":"binary-expr","locations":[{"start":{"line":21,"column":14},"end":{"line":21,"column":54}},{"start":{"line":21,"column":58},"end":{"line":21,"column":68}}],"line":21}},"s":{"0":1,"1":1,"2":1,"3":1,"4":1,"5":1,"6":1,"7":1,"8":1},"f":{},"b":{"0":[1,0],"1":[1,0],"2":[1,0],"3":[1,1],"4":[1,0],"5":[1,0],"6":[1,0],"7":[1,0]},"meta":{"lastBranch":8,"lastFunction":0,"lastStatement":9,"seen":{"s:3:22:3:34":0,"s:5:0:7:84":1,"b:6:17:6:55:6:59:6:93":0,"b:7:16:7:56:7:60:7:82":1,"s:9:23:9:42":2,"s:10:25:10:46":3,"s:11:23:11:42":4,"s:12:25:12:46":5,"s:15:27:15:82":6,"b:15:27:15:59:15:63:15:82":2,"s:16:25:16:84":7,"b:16:25:16:64:16:68:16:84":3,"s:17:27:22:1":8,"b:18:14:18:54:18:58:18:68":4,"b:19:13:19:52:19:56:19:65":5,"b:20:12:20:50:20:54:20:62":6,"b:21:14:21:54:21:58:21:68":7}}}
,"C:\\git\\boutiquecarne\\src\\lib\\imageUtils.js": {"path":"C:\\git\\boutiquecarne\\src\\lib\\imageUtils.js","statementMap":{"0":{"start":{"line":9,"column":27},"end":{"line":45,"column":1}},"1":{"start":{"line":10,"column":4},"end":{"line":12,"column":5}},"2":{"start":{"line":11,"column":8},"end":{"line":11,"column":76}},"3":{"start":{"line":15,"column":4},"end":{"line":18,"column":5}},"4":{"start":{"line":17,"column":8},"end":{"line":17,"column":25}},"5":{"start":{"line":26,"column":4},"end":{"line":44,"column":5}},"6":{"start":{"line":28,"column":24},"end":{"line":28,"column":64}},"7":{"start":{"line":31,"column":23},"end":{"line":38,"column":9}},"8":{"start":{"line":40,"column":8},"end":{"line":40,"column":37}},"9":{"start":{"line":42,"column":8},"end":{"line":42,"column":68}},"10":{"start":{"line":43,"column":8},"end":{"line":43,"column":77}}},"fnMap":{"0":{"name":"(anonymous_0)","decl":{"start":{"line":9,"column":27},"end":{"line":9,"column":28}},"loc":{"start":{"line":9,"column":42},"end":{"line":45,"column":1}},"line":9}},"branchMap":{"0":{"loc":{"start":{"line":10,"column":4},"end":{"line":12,"column":5}},"type":"if","locations":[{"start":{"line":10,"column":4},"end":{"line":12,"column":5}},{"start":{},"end":{}}],"line":10},"1":{"loc":{"start":{"line":15,"column":4},"end":{"line":18,"column":5}},"type":"if","locations":[{"start":{"line":15,"column":4},"end":{"line":18,"column":5}},{"start":{},"end":{}}],"line":15},"2":{"loc":{"start":{"line":15,"column":8},"end":{"line":15,"column":102}},"type":"binary-expr","locations":[{"start":{"line":15,"column":8},"end":{"line":15,"column":36}},{"start":{"line":15,"column":40},"end":{"line":15,"column":69}},{"start":{"line":15,"column":73},"end":{"line":15,"column":102}}],"line":15},"3":{"loc":{"start":{"line":40,"column":15},"end":{"line":40,"column":36}},"type":"binary-expr","locations":[{"start":{"line":40,"column":15},"end":{"line":40,"column":26}},{"start":{"line":40,"column":30},"end":{"line":40,"column":36}}],"line":40}},"s":{"0":1,"1":2,"2":0,"3":2,"4":0,"5":2,"6":2,"7":2,"8":2,"9":0,"10":0},"f":{"0":2},"b":{"0":[0,2],"1":[0,2],"2":[2,2,2],"3":[2,2]},"meta":{"lastBranch":4,"lastFunction":1,"lastStatement":11,"seen":{"s:9:27:45:1":0,"f:9:27:9:28":0,"b:10:4:12:5:undefined:undefined:undefined:undefined":0,"s:10:4:12:5":1,"s:11:8:11:76":2,"b:15:4:18:5:undefined:undefined:undefined:undefined":1,"s:15:4:18:5":3,"b:15:8:15:36:15:40:15:69:15:73:15:102":2,"s:17:8:17:25":4,"s:26:4:44:5":5,"s:28:24:28:64":6,"s:31:23:38:9":7,"s:40:8:40:37":8,"b:40:15:40:26:40:30:40:36":3,"s:42:8:42:68":9,"s:43:8:43:77":10}}}
,"C:\\git\\boutiquecarne\\src\\services\\dataService.js": {"path":"C:\\git\\boutiquecarne\\src\\services\\dataService.js","statementMap":{"0":{"start":{"line":5,"column":28},"end":{"line":5,"column":82}},"1":{"start":{"line":6,"column":31},"end":{"line":6,"column":91}},"2":{"start":{"line":9,"column":19},"end":{"line":12,"column":2}},"3":{"start":{"line":9,"column":29},"end":{"line":12,"column":1}},"4":{"start":{"line":14,"column":27},"end":{"line":53,"column":1}},"5":{"start":{"line":15,"column":4},"end":{"line":52,"column":5}},"6":{"start":{"line":16,"column":24},"end":{"line":16,"column":26}},"7":{"start":{"line":17,"column":8},"end":{"line":24,"column":9}},"8":{"start":{"line":19,"column":12},"end":{"line":19,"column":60}},"9":{"start":{"line":20,"column":15},"end":{"line":24,"column":9}},"10":{"start":{"line":22,"column":12},"end":{"line":22,"column":60}},"11":{"start":{"line":23,"column":12},"end":{"line":23,"column":61}},"12":{"start":{"line":28,"column":8},"end":{"line":30,"column":9}},"13":{"start":{"line":29,"column":12},"end":{"line":29,"column":54}},"14":{"start":{"line":33,"column":23},"end":{"line":33,"column":41}},"15":{"start":{"line":34,"column":8},"end":{"line":34,"column":41}},"16":{"start":{"line":35,"column":8},"end":{"line":35,"column":43}},"17":{"start":{"line":37,"column":8},"end":{"line":37,"column":52}},"18":{"start":{"line":39,"column":25},"end":{"line":43,"column":9}},"19":{"start":{"line":45,"column":8},"end":{"line":48,"column":10}},"20":{"start":{"line":50,"column":8},"end":{"line":50,"column":57}},"21":{"start":{"line":51,"column":8},"end":{"line":51,"column":43}},"22":{"start":{"line":56,"column":19},"end":{"line":82,"column":1}},"23":{"start":{"line":57,"column":4},"end":{"line":81,"column":5}},"24":{"start":{"line":58,"column":25},"end":{"line":65,"column":9}},"25":{"start":{"line":67,"column":8},"end":{"line":67,"column":64}},"26":{"start":{"line":67,"column":45},"end":{"line":67,"column":64}},"27":{"start":{"line":69,"column":24},"end":{"line":69,"column":57}},"28":{"start":{"line":70,"column":8},"end":{"line":70,"column":72}},"29":{"start":{"line":70,"column":53},"end":{"line":70,"column":72}},"30":{"start":{"line":72,"column":31},"end":{"line":72,"column":52}},"31":{"start":{"line":73,"column":27},"end":{"line":73,"column":55}},"32":{"start":{"line":75,"column":8},"end":{"line":75,"column":50}},"33":{"start":{"line":75,"column":31},"end":{"line":75,"column":50}},"34":{"start":{"line":77,"column":8},"end":{"line":77,"column":64}},"35":{"start":{"line":79,"column":8},"end":{"line":79,"column":56}},"36":{"start":{"line":80,"column":8},"end":{"line":80,"column":66}},"37":{"start":{"line":84,"column":27},"end":{"line":137,"column":1}},"38":{"start":{"line":85,"column":4},"end":{"line":136,"column":5}},"39":{"start":{"line":87,"column":8},"end":{"line":132,"column":9}},"40":{"start":{"line":89,"column":28},"end":{"line":99,"column":13}},"41":{"start":{"line":101,"column":12},"end":{"line":106,"column":14}},"42":{"start":{"line":107,"column":12},"end":{"line":107,"column":40}},"43":{"start":{"line":110,"column":24},"end":{"line":110,"column":42}},"44":{"start":{"line":112,"column":28},"end":{"line":123,"column":13}},"45":{"start":{"line":125,"column":12},"end":{"line":130,"column":14}},"46":{"start":{"line":131,"column":12},"end":{"line":131,"column":40}},"47":{"start":{"line":134,"column":8},"end":{"line":134,"column":54}},"48":{"start":{"line":135,"column":8},"end":{"line":135,"column":20}},"49":{"start":{"line":139,"column":29},"end":{"line":150,"column":1}},"50":{"start":{"line":140,"column":4},"end":{"line":149,"column":5}},"51":{"start":{"line":141,"column":8},"end":{"line":145,"column":10}},"52":{"start":{"line":147,"column":8},"end":{"line":147,"column":56}},"53":{"start":{"line":148,"column":8},"end":{"line":148,"column":20}},"54":{"start":{"line":152,"column":26},"end":{"line":173,"column":1}},"55":{"start":{"line":153,"column":4},"end":{"line":172,"column":5}},"56":{"start":{"line":154,"column":25},"end":{"line":161,"column":9}},"57":{"start":{"line":162,"column":8},"end":{"line":168,"column":12}},"58":{"start":{"line":162,"column":46},"end":{"line":168,"column":9}},"59":{"start":{"line":170,"column":8},"end":{"line":170,"column":56}},"60":{"start":{"line":171,"column":8},"end":{"line":171,"column":18}},"61":{"start":{"line":175,"column":27},"end":{"line":202,"column":1}},"62":{"start":{"line":176,"column":4},"end":{"line":201,"column":5}},"63":{"start":{"line":178,"column":26},"end":{"line":188,"column":9}},"64":{"start":{"line":190,"column":25},"end":{"line":190,"column":59}},"65":{"start":{"line":191,"column":8},"end":{"line":196,"column":10}},"66":{"start":{"line":199,"column":8},"end":{"line":199,"column":54}},"67":{"start":{"line":200,"column":8},"end":{"line":200,"column":56}},"68":{"start":{"line":204,"column":28},"end":{"line":249,"column":1}},"69":{"start":{"line":205,"column":4},"end":{"line":248,"column":5}},"70":{"start":{"line":206,"column":8},"end":{"line":206,"column":72}},"71":{"start":{"line":209,"column":25},"end":{"line":216,"column":9}},"72":{"start":{"line":218,"column":25},"end":{"line":218,"column":43}},"73":{"start":{"line":219,"column":27},"end":{"line":219,"column":28}},"74":{"start":{"line":220,"column":28},"end":{"line":220,"column":31}},"75":{"start":{"line":222,"column":8},"end":{"line":241,"column":9}},"76":{"start":{"line":227,"column":27},"end":{"line":227,"column":74}},"77":{"start":{"line":230,"column":12},"end":{"line":239,"column":13}},"78":{"start":{"line":231,"column":16},"end":{"line":236,"column":18}},"79":{"start":{"line":237,"column":16},"end":{"line":237,"column":91}},"80":{"start":{"line":238,"column":16},"end":{"line":238,"column":31}},"81":{"start":{"line":240,"column":12},"end":{"line":240,"column":28}},"82":{"start":{"line":243,"column":8},"end":{"line":243,"column":76}},"83":{"start":{"line":244,"column":8},"end":{"line":244,"column":47}},"84":{"start":{"line":246,"column":8},"end":{"line":246,"column":55}},"85":{"start":{"line":247,"column":8},"end":{"line":247,"column":56}},"86":{"start":{"line":252,"column":27},"end":{"line":264,"column":1}},"87":{"start":{"line":253,"column":4},"end":{"line":263,"column":5}},"88":{"start":{"line":254,"column":25},"end":{"line":254,"column":79}},"89":{"start":{"line":255,"column":25},"end":{"line":255,"column":27}},"90":{"start":{"line":256,"column":8},"end":{"line":258,"column":11}},"91":{"start":{"line":257,"column":12},"end":{"line":257,"column":42}},"92":{"start":{"line":259,"column":8},"end":{"line":259,"column":24}},"93":{"start":{"line":261,"column":8},"end":{"line":261,"column":53}},"94":{"start":{"line":262,"column":8},"end":{"line":262,"column":18}},"95":{"start":{"line":266,"column":30},"end":{"line":274,"column":1}},"96":{"start":{"line":267,"column":4},"end":{"line":273,"column":5}},"97":{"start":{"line":268,"column":8},"end":{"line":268,"column":80}},"98":{"start":{"line":269,"column":8},"end":{"line":269,"column":20}},"99":{"start":{"line":271,"column":8},"end":{"line":271,"column":53}},"100":{"start":{"line":272,"column":8},"end":{"line":272,"column":16}}},"fnMap":{"0":{"name":"(anonymous_0)","decl":{"start":{"line":9,"column":19},"end":{"line":9,"column":20}},"loc":{"start":{"line":9,"column":29},"end":{"line":12,"column":1}},"line":9},"1":{"name":"(anonymous_1)","decl":{"start":{"line":14,"column":27},"end":{"line":14,"column":32}},"loc":{"start":{"line":14,"column":69},"end":{"line":53,"column":1}},"line":14},"2":{"name":"(anonymous_2)","decl":{"start":{"line":56,"column":19},"end":{"line":56,"column":24}},"loc":{"start":{"line":56,"column":31},"end":{"line":82,"column":1}},"line":56},"3":{"name":"(anonymous_3)","decl":{"start":{"line":84,"column":27},"end":{"line":84,"column":32}},"loc":{"start":{"line":84,"column":46},"end":{"line":137,"column":1}},"line":84},"4":{"name":"(anonymous_4)","decl":{"start":{"line":139,"column":29},"end":{"line":139,"column":34}},"loc":{"start":{"line":139,"column":43},"end":{"line":150,"column":1}},"line":139},"5":{"name":"(anonymous_5)","decl":{"start":{"line":152,"column":26},"end":{"line":152,"column":31}},"loc":{"start":{"line":152,"column":38},"end":{"line":173,"column":1}},"line":152},"6":{"name":"(anonymous_6)","decl":{"start":{"line":162,"column":38},"end":{"line":162,"column":41}},"loc":{"start":{"line":162,"column":46},"end":{"line":168,"column":9}},"line":162},"7":{"name":"(anonymous_7)","decl":{"start":{"line":175,"column":27},"end":{"line":175,"column":32}},"loc":{"start":{"line":175,"column":48},"end":{"line":202,"column":1}},"line":175},"8":{"name":"(anonymous_8)","decl":{"start":{"line":204,"column":28},"end":{"line":204,"column":33}},"loc":{"start":{"line":204,"column":40},"end":{"line":249,"column":1}},"line":204},"9":{"name":"(anonymous_9)","decl":{"start":{"line":252,"column":27},"end":{"line":252,"column":32}},"loc":{"start":{"line":252,"column":39},"end":{"line":264,"column":1}},"line":252},"10":{"name":"(anonymous_10)","decl":{"start":{"line":256,"column":35},"end":{"line":256,"column":38}},"loc":{"start":{"line":256,"column":42},"end":{"line":258,"column":9}},"line":256},"11":{"name":"(anonymous_11)","decl":{"start":{"line":266,"column":30},"end":{"line":266,"column":35}},"loc":{"start":{"line":266,"column":52},"end":{"line":274,"column":1}},"line":266}},"branchMap":{"0":{"loc":{"start":{"line":5,"column":28},"end":{"line":5,"column":82}},"type":"binary-expr","locations":[{"start":{"line":5,"column":28},"end":{"line":5,"column":65}},{"start":{"line":5,"column":69},"end":{"line":5,"column":82}}],"line":5},"1":{"loc":{"start":{"line":6,"column":31},"end":{"line":6,"column":91}},"type":"binary-expr","locations":[{"start":{"line":6,"column":31},"end":{"line":6,"column":71}},{"start":{"line":6,"column":75},"end":{"line":6,"column":91}}],"line":6},"2":{"loc":{"start":{"line":14,"column":44},"end":{"line":14,"column":52}},"type":"default-arg","locations":[{"start":{"line":14,"column":51},"end":{"line":14,"column":52}}],"line":14},"3":{"loc":{"start":{"line":14,"column":54},"end":{"line":14,"column":64}},"type":"default-arg","locations":[{"start":{"line":14,"column":62},"end":{"line":14,"column":64}}],"line":14},"4":{"loc":{"start":{"line":17,"column":8},"end":{"line":24,"column":9}},"type":"if","locations":[{"start":{"line":17,"column":8},"end":{"line":24,"column":9}},{"start":{"line":20,"column":15},"end":{"line":24,"column":9}}],"line":17},"5":{"loc":{"start":{"line":17,"column":12},"end":{"line":17,"column":42}},"type":"binary-expr","locations":[{"start":{"line":17,"column":12},"end":{"line":17,"column":20}},{"start":{"line":17,"column":24},"end":{"line":17,"column":42}}],"line":17},"6":{"loc":{"start":{"line":20,"column":15},"end":{"line":24,"column":9}},"type":"if","locations":[{"start":{"line":20,"column":15},"end":{"line":24,"column":9}},{"start":{},"end":{}}],"line":20},"7":{"loc":{"start":{"line":20,"column":19},"end":{"line":20,"column":49}},"type":"binary-expr","locations":[{"start":{"line":20,"column":19},"end":{"line":20,"column":27}},{"start":{"line":20,"column":31},"end":{"line":20,"column":49}}],"line":20},"8":{"loc":{"start":{"line":28,"column":8},"end":{"line":30,"column":9}},"type":"if","locations":[{"start":{"line":28,"column":8},"end":{"line":30,"column":9}},{"start":{},"end":{}}],"line":28},"9":{"loc":{"start":{"line":67,"column":8},"end":{"line":67,"column":64}},"type":"if","locations":[{"start":{"line":67,"column":8},"end":{"line":67,"column":64}},{"start":{},"end":{}}],"line":67},"10":{"loc":{"start":{"line":70,"column":8},"end":{"line":70,"column":72}},"type":"if","locations":[{"start":{"line":70,"column":8},"end":{"line":70,"column":72}},{"start":{},"end":{}}],"line":70},"11":{"loc":{"start":{"line":70,"column":12},"end":{"line":70,"column":51}},"type":"binary-expr","locations":[{"start":{"line":70,"column":12},"end":{"line":70,"column":20}},{"start":{"line":70,"column":24},"end":{"line":70,"column":51}}],"line":70},"12":{"loc":{"start":{"line":75,"column":8},"end":{"line":75,"column":50}},"type":"if","locations":[{"start":{"line":75,"column":8},"end":{"line":75,"column":50}},{"start":{},"end":{}}],"line":75},"13":{"loc":{"start":{"line":87,"column":8},"end":{"line":132,"column":9}},"type":"if","locations":[{"start":{"line":87,"column":8},"end":{"line":132,"column":9}},{"start":{"line":108,"column":15},"end":{"line":132,"column":9}}],"line":87},"14":{"loc":{"start":{"line":95,"column":21},"end":{"line":95,"column":40}},"type":"binary-expr","locations":[{"start":{"line":95,"column":21},"end":{"line":95,"column":32}},{"start":{"line":95,"column":36},"end":{"line":95,"column":40}}],"line":95},"15":{"loc":{"start":{"line":97,"column":29},"end":{"line":97,"column":89}},"type":"cond-expr","locations":[{"start":{"line":97,"column":51},"end":{"line":97,"column":82}},{"start":{"line":97,"column":85},"end":{"line":97,"column":89}}],"line":97},"16":{"loc":{"start":{"line":119,"column":21},"end":{"line":119,"column":40}},"type":"binary-expr","locations":[{"start":{"line":119,"column":21},"end":{"line":119,"column":32}},{"start":{"line":119,"column":36},"end":{"line":119,"column":40}}],"line":119},"17":{"loc":{"start":{"line":121,"column":29},"end":{"line":121,"column":89}},"type":"cond-expr","locations":[{"start":{"line":121,"column":51},"end":{"line":121,"column":82}},{"start":{"line":121,"column":85},"end":{"line":121,"column":89}}],"line":121},"18":{"loc":{"start":{"line":167,"column":24},"end":{"line":167,"column":77}},"type":"cond-expr","locations":[{"start":{"line":167,"column":39},"end":{"line":167,"column":69}},{"start":{"line":167,"column":73},"end":{"line":167,"column":77}}],"line":167},"19":{"loc":{"start":{"line":167,"column":39},"end":{"line":167,"column":69}},"type":"binary-expr","locations":[{"start":{"line":167,"column":39},"end":{"line":167,"column":54}},{"start":{"line":167,"column":58},"end":{"line":167,"column":69}}],"line":167},"20":{"loc":{"start":{"line":193,"column":17},"end":{"line":193,"column":45}},"type":"binary-expr","locations":[{"start":{"line":193,"column":17},"end":{"line":193,"column":29}},{"start":{"line":193,"column":33},"end":{"line":193,"column":45}}],"line":193},"21":{"loc":{"start":{"line":194,"column":26},"end":{"line":194,"column":57}},"type":"binary-expr","locations":[{"start":{"line":194,"column":26},"end":{"line":194,"column":47}},{"start":{"line":194,"column":51},"end":{"line":194,"column":57}}],"line":194},"22":{"loc":{"start":{"line":195,"column":20},"end":{"line":195,"column":48}},"type":"binary-expr","locations":[{"start":{"line":195,"column":20},"end":{"line":195,"column":35}},{"start":{"line":195,"column":39},"end":{"line":195,"column":48}}],"line":195},"23":{"loc":{"start":{"line":230,"column":12},"end":{"line":239,"column":13}},"type":"if","locations":[{"start":{"line":230,"column":12},"end":{"line":239,"column":13}},{"start":{},"end":{}}],"line":230}},"s":{"0":1,"1":1,"2":1,"3":3,"4":1,"5":1,"6":1,"7":1,"8":0,"9":1,"10":0,"11":0,"12":1,"13":0,"14":1,"15":1,"16":1,"17":1,"18":1,"19":1,"20":0,"21":0,"22":1,"23":1,"24":1,"25":1,"26":1,"27":0,"28":0,"29":0,"30":0,"31":0,"32":0,"33":0,"34":0,"35":0,"36":0,"37":1,"38":1,"39":1,"40":0,"41":0,"42":0,"43":1,"44":1,"45":1,"46":1,"47":0,"48":0,"49":1,"50":0,"51":0,"52":0,"53":0,"54":1,"55":0,"56":0,"57":0,"58":0,"59":0,"60":0,"61":1,"62":0,"63":0,"64":0,"65":0,"66":0,"67":0,"68":1,"69":0,"70":0,"71":0,"72":0,"73":0,"74":0,"75":0,"76":0,"77":0,"78":0,"79":0,"80":0,"81":0,"82":0,"83":0,"84":0,"85":0,"86":1,"87":0,"88":0,"89":0,"90":0,"91":0,"92":0,"93":0,"94":0,"95":1,"96":0,"97":0,"98":0,"99":0,"100":0},"f":{"0":3,"1":1,"2":1,"3":1,"4":0,"5":0,"6":0,"7":0,"8":0,"9":0,"10":0,"11":0},"b":{"0":[1,0],"1":[1,1],"2":[1],"3":[1],"4":[0,1],"5":[1,0],"6":[0,1],"7":[1,0],"8":[0,1],"9":[1,0],"10":[0,0],"11":[0,0],"12":[0,0],"13":[0,1],"14":[0,0],"15":[0,0],"16":[1,1],"17":[0,1],"18":[0,0],"19":[0,0],"20":[0,0],"21":[0,0],"22":[0,0],"23":[0,0]},"meta":{"lastBranch":24,"lastFunction":12,"lastStatement":101,"seen":{"s:5:28:5:82":0,"b:5:28:5:65:5:69:5:82":0,"s:6:31:6:91":1,"b:6:31:6:71:6:75:6:91":1,"s:9:19:12:2":2,"f:9:19:9:20":0,"s:9:29:12:1":3,"s:14:27:53:1":4,"f:14:27:14:32":1,"b:14:51:14:52":2,"b:14:62:14:64":3,"s:15:4:52:5":5,"s:16:24:16:26":6,"b:17:8:24:9:20:15:24:9":4,"s:17:8:24:9":7,"b:17:12:17:20:17:24:17:42":5,"s:19:12:19:60":8,"b:20:15:24:9:undefined:undefined:undefined:undefined":6,"s:20:15:24:9":9,"b:20:19:20:27:20:31:20:49":7,"s:22:12:22:60":10,"s:23:12:23:61":11,"b:28:8:30:9:undefined:undefined:undefined:undefined":8,"s:28:8:30:9":12,"s:29:12:29:54":13,"s:33:23:33:41":14,"s:34:8:34:41":15,"s:35:8:35:43":16,"s:37:8:37:52":17,"s:39:25:43:9":18,"s:45:8:48:10":19,"s:50:8:50:57":20,"s:51:8:51:43":21,"s:56:19:82:1":22,"f:56:19:56:24":2,"s:57:4:81:5":23,"s:58:25:65:9":24,"b:67:8:67:64:undefined:undefined:undefined:undefined":9,"s:67:8:67:64":25,"s:67:45:67:64":26,"s:69:24:69:57":27,"b:70:8:70:72:undefined:undefined:undefined:undefined":10,"s:70:8:70:72":28,"b:70:12:70:20:70:24:70:51":11,"s:70:53:70:72":29,"s:72:31:72:52":30,"s:73:27:73:55":31,"b:75:8:75:50:undefined:undefined:undefined:undefined":12,"s:75:8:75:50":32,"s:75:31:75:50":33,"s:77:8:77:64":34,"s:79:8:79:56":35,"s:80:8:80:66":36,"s:84:27:137:1":37,"f:84:27:84:32":3,"s:85:4:136:5":38,"b:87:8:132:9:108:15:132:9":13,"s:87:8:132:9":39,"s:89:28:99:13":40,"b:95:21:95:32:95:36:95:40":14,"b:97:51:97:82:97:85:97:89":15,"s:101:12:106:14":41,"s:107:12:107:40":42,"s:110:24:110:42":43,"s:112:28:123:13":44,"b:119:21:119:32:119:36:119:40":16,"b:121:51:121:82:121:85:121:89":17,"s:125:12:130:14":45,"s:131:12:131:40":46,"s:134:8:134:54":47,"s:135:8:135:20":48,"s:139:29:150:1":49,"f:139:29:139:34":4,"s:140:4:149:5":50,"s:141:8:145:10":51,"s:147:8:147:56":52,"s:148:8:148:20":53,"s:152:26:173:1":54,"f:152:26:152:31":5,"s:153:4:172:5":55,"s:154:25:161:9":56,"s:162:8:168:12":57,"f:162:38:162:41":6,"s:162:46:168:9":58,"b:167:39:167:69:167:73:167:77":18,"b:167:39:167:54:167:58:167:69":19,"s:170:8:170:56":59,"s:171:8:171:18":60,"s:175:27:202:1":61,"f:175:27:175:32":7,"s:176:4:201:5":62,"s:178:26:188:9":63,"s:190:25:190:59":64,"s:191:8:196:10":65,"b:193:17:193:29:193:33:193:45":20,"b:194:26:194:47:194:51:194:57":21,"b:195:20:195:35:195:39:195:48":22,"s:199:8:199:54":66,"s:200:8:200:56":67,"s:204:28:249:1":68,"f:204:28:204:33":8,"s:205:4:248:5":69,"s:206:8:206:72":70,"s:209:25:216:9":71,"s:218:25:218:43":72,"s:219:27:219:28":73,"s:220:28:220:31":74,"s:222:8:241:9":75,"s:227:27:227:74":76,"b:230:12:239:13:undefined:undefined:undefined:undefined":23,"s:230:12:239:13":77,"s:231:16:236:18":78,"s:237:16:237:91":79,"s:238:16:238:31":80,"s:240:12:240:28":81,"s:243:8:243:76":82,"s:244:8:244:47":83,"s:246:8:246:55":84,"s:247:8:247:56":85,"s:252:27:264:1":86,"f:252:27:252:32":9,"s:253:4:263:5":87,"s:254:25:254:79":88,"s:255:25:255:27":89,"s:256:8:258:11":90,"f:256:35:256:38":10,"s:257:12:257:42":91,"s:259:8:259:24":92,"s:261:8:261:53":93,"s:262:8:262:18":94,"s:266:30:274:1":95,"f:266:30:266:35":11,"s:267:4:273:5":96,"s:268:8:268:80":97,"s:269:8:269:20":98,"s:271:8:271:53":99,"s:272:8:272:16":100}}}
}
